TN:
SF:/Users/loanermachine/dev/sandbox/test-repo/app.js
FNF:0
FNH:0
DA:1,1
DA:2,1
DA:3,1
DA:4,1
DA:6,1
DA:8,1
DA:9,1
DA:11,1
DA:13,1
LF:9
LH:9
BRF:0
BRH:0
end_of_record
TN:
SF:/Users/loanermachine/dev/sandbox/test-repo/controllers/index.js
FN:3,(anonymous_0)
FN:14,(anonymous_1)
FN:29,(anonymous_2)
FN:49,(anonymous_3)
FN:65,(anonymous_4)
FNF:5
FNH:5
FNDA:1,(anonymous_0)
FNDA:1,(anonymous_1)
FNDA:1,(anonymous_2)
FNDA:1,(anonymous_3)
FNDA:1,(anonymous_4)
DA:1,1
DA:3,1
DA:4,1
DA:5,1
DA:6,1
DA:10,0
DA:14,1
DA:15,1
DA:16,1
DA:23,1
DA:25,0
DA:29,1
DA:30,1
DA:31,1
DA:32,1
DA:40,1
DA:41,1
DA:43,0
DA:45,0
DA:49,1
DA:50,1
DA:51,1
DA:52,1
DA:55,1
DA:56,1
DA:57,1
DA:59,0
DA:61,0
DA:65,1
DA:66,1
DA:67,1
DA:68,1
DA:71,1
DA:72,1
DA:74,0
DA:76,0
DA:80,1
LF:37
LH:29
BRDA:40,0,0,1
BRDA:40,0,1,0
BRDA:55,1,0,1
BRDA:55,1,1,0
BRDA:71,2,0,1
BRDA:71,2,1,0
BRF:6
BRH:3
end_of_record
TN:
SF:/Users/loanermachine/dev/sandbox/test-repo/models/index.js
FN:20,(anonymous_0)
FN:23,(anonymous_1)
FN:28,(anonymous_2)
FNF:3
FNH:3
FNDA:3,(anonymous_0)
FNDA:2,(anonymous_1)
FNDA:2,(anonymous_2)
DA:3,1
DA:4,1
DA:5,1
DA:6,1
DA:7,1
DA:8,1
DA:9,1
DA:12,1
DA:13,0
DA:15,1
DA:18,1
DA:21,3
DA:24,2
DA:25,2
DA:28,1
DA:29,2
DA:30,2
DA:34,1
DA:35,1
DA:37,1
LF:20
LH:19
BRDA:7,0,0,1
BRDA:7,0,1,0
BRDA:12,1,0,0
BRDA:12,1,1,1
BRDA:21,2,0,3
BRDA:21,2,1,3
BRDA:21,2,2,2
BRDA:29,3,0,2
BRDA:29,3,1,0
BRF:9
BRH:6
end_of_record
TN:
SF:/Users/loanermachine/dev/sandbox/test-repo/models/project.js
FN:2,(anonymous_0)
FN:11,(anonymous_1)
FNF:2
FNH:2
FNDA:1,(anonymous_0)
FNDA:1,(anonymous_1)
DA:2,1
DA:3,1
DA:11,1
DA:12,1
DA:17,1
LF:5
LH:5
BRF:0
BRH:0
end_of_record
TN:
SF:/Users/loanermachine/dev/sandbox/test-repo/models/user.js
FN:2,(anonymous_0)
FN:11,(anonymous_1)
FNF:2
FNH:2
FNDA:1,(anonymous_0)
FNDA:1,(anonymous_1)
DA:2,1
DA:3,1
DA:11,1
DA:12,1
DA:16,1
LF:5
LH:5
BRF:0
BRH:0
end_of_record
TN:
SF:/Users/loanermachine/dev/sandbox/test-repo/routes/index.js
FN:5,(anonymous_0)
FNF:1
FNH:0
FNDA:0,(anonymous_0)
DA:1,1
DA:2,1
DA:3,1
DA:5,1
DA:7,1
DA:8,1
DA:9,1
DA:10,1
DA:11,1
DA:13,1
LF:10
LH:10
BRF:0
BRH:0
end_of_record
